#
# There is insufficient memory for the Java Runtime Environment to continue.
# Native memory allocation (mmap) failed to map 134217728 bytes for Failed to commit area from 0x0000000080e00000 to 0x0000000088e00000 of length 134217728.
# Possible reasons:
#   The system is out of physical RAM or swap space
#   The process is running with CompressedOops enabled, and the Java Heap may be blocking the growth of the native heap
# Possible solutions:
#   Reduce memory load on the system
#   Increase physical memory or swap space
#   Check if swap backing store is full
#   Decrease Java heap size (-Xmx/-Xms)
#   Decrease number of Java threads
#   Decrease Java thread stack sizes (-Xss)
#   Set larger code cache with -XX:ReservedCodeCacheSize=
# This output file may be truncated or incomplete.
#
#  Out of Memory Error (./src/hotspot/os/windows/os_windows.cpp:3387), pid=12172, tid=9076
#
# JRE version:  (11.0.14.1+1) (build )
# Java VM: OpenJDK 64-Bit Server VM (11.0.14.1+1, mixed mode, sharing, tiered, compressed oops, g1 gc, windows-amd64)
# No core dump will be written. Minidumps are not enabled by default on client versions of Windows
#

---------------  S U M M A R Y ------------

Command Line: 

Host: Intel(R) Core(TM) i7-4790 CPU @ 3.60GHz, 8 cores, 7G,  Windows 10 , 64 bit Build 19041 (10.0.19041.4957)
Time: Wed Nov 13 03:51:52 2024 Iran Standard Time elapsed time: 0.370783 seconds (0d 0h 0m 0s)

---------------  T H R E A D  ---------------

Current thread (0x000001f8813c2800):  JavaThread "Unknown thread" [_thread_in_vm, id=9076, stack(0x000000a897c00000,0x000000a897d00000)]

Stack: [0x000000a897c00000,0x000000a897d00000]
Native frames: (J=compiled Java code, j=interpreted, Vv=VM code, C=native code)
V  [jvm.dll+0x61e59a]
V  [jvm.dll+0x7aaca9]
V  [jvm.dll+0x7ac398]
V  [jvm.dll+0x7aca73]
V  [jvm.dll+0x24f9b8]
V  [jvm.dll+0x61b83a]
V  [jvm.dll+0x6100c5]
V  [jvm.dll+0x30772c]
V  [jvm.dll+0x3075b2]
V  [jvm.dll+0x30c2d6]
V  [jvm.dll+0x35272f]
V  [jvm.dll+0x352160]
V  [jvm.dll+0x2e4728]
V  [jvm.dll+0x2e5886]
V  [jvm.dll+0x784b07]
V  [jvm.dll+0x78628f]
V  [jvm.dll+0x35f479]
V  [jvm.dll+0x767aa0]
V  [jvm.dll+0x3ccf1f]
V  [jvm.dll+0x3cf2b1]
C  [jli.dll+0x5207]
C  [ucrtbase.dll+0x21bb2]
C  [KERNEL32.DLL+0x17374]
C  [ntdll.dll+0x4cc91]


---------------  P R O C E S S  ---------------

Threads class SMR info:
_java_thread_list=0x000001f881221f70, length=0, elements={
}

Java Threads: ( => current thread )

Other Threads:
  0x000001f8813da000 GCTaskThread "GC Thread#0" [stack: 0x000000a897d00000,0x000000a897e00000] [id=21732]
  0x000001f881409800 ConcurrentGCThread "G1 Main Marker" [stack: 0x000000a897e00000,0x000000a897f00000] [id=36224]
  0x000001f88140c800 ConcurrentGCThread "G1 Conc#0" [stack: 0x000000a897f00000,0x000000a898000000] [id=34732]

[error occurred during error reporting (printing all threads), id 0xc0000005, EXCEPTION_ACCESS_VIOLATION (0xc0000005) at pc=0x00007ffb3a773ef7]

VM state:not at safepoint (not fully initialized)

VM Mutex/Monitor currently owned by a thread:  ([mutex/lock_event])
[0x000001f8813c0480] Heap_lock - owner thread: 0x000001f8813c2800

Heap address: 0x0000000080e00000, size: 2034 MB, Compressed Oops mode: Non-zero based: 0x0000000080e00000
Narrow klass base: 0x0000000000000000, Narrow klass shift: 0

GC Heap History (0 events):
No events

Deoptimization events (0 events):
No events

Classes redefined (0 events):
No events

Internal exceptions (0 events):
No events

Events (1 events):
Event: 0.361 Loaded shared library C:\Partion\Unity\Hub\Editor\2022.3.42f1\Editor\Data\PlaybackEngines\AndroidPlayer\OpenJDK\bin\zip.dll


Dynamic libraries:
0x00007ff6c04e0000 - 0x00007ff6c04ed000 	C:\Partion\Unity\Hub\Editor\2022.3.42f1\Editor\Data\PlaybackEngines\AndroidPlayer\OpenJDK\bin\java.exe
0x00007ffb6d810000 - 0x00007ffb6da08000 	C:\Windows\SYSTEM32\ntdll.dll
0x00007ffb6d100000 - 0x00007ffb6d1c2000 	C:\Windows\System32\KERNEL32.DLL
0x00007ffb6b170000 - 0x00007ffb6b46e000 	C:\Windows\System32\KERNELBASE.dll
0x00007ffb6b5d0000 - 0x00007ffb6b6d0000 	C:\Windows\System32\ucrtbase.dll
0x00007ffb64850000 - 0x00007ffb64865000 	C:\Partion\Unity\Hub\Editor\2022.3.42f1\Editor\Data\PlaybackEngines\AndroidPlayer\OpenJDK\bin\VCRUNTIME140.dll
0x00007ffb5dc50000 - 0x00007ffb5dc67000 	C:\Partion\Unity\Hub\Editor\2022.3.42f1\Editor\Data\PlaybackEngines\AndroidPlayer\OpenJDK\bin\jli.dll
0x00007ffb6c370000 - 0x00007ffb6c50d000 	C:\Windows\System32\USER32.dll
0x00007ffb5bd10000 - 0x00007ffb5bfaa000 	C:\Windows\WinSxS\amd64_microsoft.windows.common-controls_6595b64144ccf1df_6.0.19041.4355_none_60b8b9eb71f62e16\COMCTL32.dll
0x00007ffb6af60000 - 0x00007ffb6af82000 	C:\Windows\System32\win32u.dll
0x00007ffb6bf60000 - 0x00007ffb6bffe000 	C:\Windows\System32\msvcrt.dll
0x00007ffb6c340000 - 0x00007ffb6c36b000 	C:\Windows\System32\GDI32.dll
0x00007ffb6afc0000 - 0x00007ffb6b0d7000 	C:\Windows\System32\gdi32full.dll
0x00007ffb6b530000 - 0x00007ffb6b5cd000 	C:\Windows\System32\msvcp_win.dll
0x00007ffb6bd60000 - 0x00007ffb6bd8f000 	C:\Windows\System32\IMM32.DLL
0x00007ffb4e310000 - 0x00007ffb4e3ab000 	C:\Partion\Unity\Hub\Editor\2022.3.42f1\Editor\Data\PlaybackEngines\AndroidPlayer\OpenJDK\bin\msvcp140.dll
0x00007ffb3a480000 - 0x00007ffb3b001000 	C:\Partion\Unity\Hub\Editor\2022.3.42f1\Editor\Data\PlaybackEngines\AndroidPlayer\OpenJDK\bin\server\jvm.dll
0x00007ffb6d660000 - 0x00007ffb6d712000 	C:\Windows\System32\ADVAPI32.dll
0x00007ffb6c280000 - 0x00007ffb6c320000 	C:\Windows\System32\sechost.dll
0x00007ffb6d520000 - 0x00007ffb6d643000 	C:\Windows\System32\RPCRT4.dll
0x00007ffb6af90000 - 0x00007ffb6afb7000 	C:\Windows\System32\bcrypt.dll
0x00007ffb6d360000 - 0x00007ffb6d368000 	C:\Windows\System32\PSAPI.DLL
0x00007ffb5b170000 - 0x00007ffb5b197000 	C:\Windows\SYSTEM32\WINMM.dll
0x00007ffb49760000 - 0x00007ffb49769000 	C:\Windows\SYSTEM32\WSOCK32.dll
0x00007ffb601b0000 - 0x00007ffb601ba000 	C:\Windows\SYSTEM32\VERSION.dll
0x00007ffb6d3d0000 - 0x00007ffb6d43b000 	C:\Windows\System32\WS2_32.dll
0x00007ffb68c70000 - 0x00007ffb68c82000 	C:\Windows\SYSTEM32\kernel.appcore.dll
0x00007ffb5cdb0000 - 0x00007ffb5cdc0000 	C:\Partion\Unity\Hub\Editor\2022.3.42f1\Editor\Data\PlaybackEngines\AndroidPlayer\OpenJDK\bin\verify.dll
0x00007ffb639e0000 - 0x00007ffb63bc4000 	C:\Windows\SYSTEM32\DBGHELP.DLL
0x00007ffb637c0000 - 0x00007ffb637f4000 	C:\Windows\SYSTEM32\dbgcore.DLL
0x00007ffb6b0e0000 - 0x00007ffb6b162000 	C:\Windows\System32\bcryptPrimitives.dll
0x00007ffb5cf60000 - 0x00007ffb5cf88000 	C:\Partion\Unity\Hub\Editor\2022.3.42f1\Editor\Data\PlaybackEngines\AndroidPlayer\OpenJDK\bin\java.dll
0x00007ffb5cf50000 - 0x00007ffb5cf5a000 	C:\Partion\Unity\Hub\Editor\2022.3.42f1\Editor\Data\PlaybackEngines\AndroidPlayer\OpenJDK\bin\jimage.dll
0x00007ffb5cf30000 - 0x00007ffb5cf48000 	C:\Partion\Unity\Hub\Editor\2022.3.42f1\Editor\Data\PlaybackEngines\AndroidPlayer\OpenJDK\bin\zip.dll

dbghelp: loaded successfully - version: 4.0.5 - missing functions: none
symbol engine: initialized successfully - sym options: 0x614 - pdb path: .;C:\Partion\Unity\Hub\Editor\2022.3.42f1\Editor\Data\PlaybackEngines\AndroidPlayer\OpenJDK\bin;C:\Windows\SYSTEM32;C:\Windows\WinSxS\amd64_microsoft.windows.common-controls_6595b64144ccf1df_6.0.19041.4355_none_60b8b9eb71f62e16;C:\Partion\Unity\Hub\Editor\2022.3.42f1\Editor\Data\PlaybackEngines\AndroidPlayer\OpenJDK\bin\server

VM Arguments:
java_command: <unknown>
java_class_path (initial): <not set>
Launcher Type: SUN_STANDARD

[Global flags]
     intx CICompilerCount                          = 4                                         {product} {ergonomic}
     uint ConcGCThreads                            = 2                                         {product} {ergonomic}
     uint G1ConcRefinementThreads                  = 8                                         {product} {ergonomic}
   size_t G1HeapRegionSize                         = 1048576                                   {product} {ergonomic}
    uintx GCDrainStackTargetSize                   = 64                                        {product} {ergonomic}
   size_t InitialHeapSize                          = 134217728                                 {product} {ergonomic}
   size_t MarkStackSize                            = 4194304                                   {product} {ergonomic}
   size_t MaxHeapSize                              = 2132803584                                {product} {ergonomic}
   size_t MinHeapDeltaBytes                        = 1048576                                   {product} {ergonomic}
    uintx NonNMethodCodeHeapSize                   = 5836300                                {pd product} {ergonomic}
    uintx NonProfiledCodeHeapSize                  = 122910970                              {pd product} {ergonomic}
    uintx ProfiledCodeHeapSize                     = 122910970                              {pd product} {ergonomic}
    uintx ReservedCodeCacheSize                    = 251658240                              {pd product} {ergonomic}
     bool SegmentedCodeCache                       = true                                      {product} {ergonomic}
     bool UseCompressedClassPointers               = true                                 {lp64_product} {ergonomic}
     bool UseCompressedOops                        = true                                 {lp64_product} {ergonomic}
     bool UseG1GC                                  = true                                      {product} {ergonomic}
     bool UseLargePagesIndividualAllocation        = false                                  {pd product} {ergonomic}

Logging:
Log output configuration:
 #0: stdout all=warning uptime,level,tags
 #1: stderr all=off uptime,level,tags

Environment Variables:
JAVA_HOME=C:\Partion\Unity\Hub\Editor\2022.3.42f1\Editor\Data\PlaybackEngines\AndroidPlayer\OpenJDK
PATH=C:\Windows\system32;C:\Windows;C:\Windows\System32\Wbem;C:\Windows\System32\WindowsPowerShell\v1.0\;C:\Windows\System32\OpenSSH\;C:\Program Files (x86)\NVIDIA Corporation\PhysX\Common;C:\Program Files\dotnet\;C:\Program Files\WireSock VPN Client\bin\;C:\Program Files\Microsoft SQL Server\150\Tools\Binn\;C:\Program Files\Microsoft SQL Server\Client SDK\ODBC\170\Tools\Binn\;C:\Users\Eram\AppData\Local\Microsoft\WindowsApps;C:\Users\Eram\AppData\Local\Programs\Microsoft VS Code\bin;C:\Users\Eram\.dotnet\tools
USERNAME=Eram
OS=Windows_NT
PROCESSOR_IDENTIFIER=Intel64 Family 6 Model 60 Stepping 3, GenuineIntel



---------------  S Y S T E M  ---------------

OS: Windows 10 , 64 bit Build 19041 (10.0.19041.4957)
OS uptime: 15 days 3:39 hours

CPU:total 8 (initial active 8) (4 cores per cpu, 2 threads per core) family 6 model 60 stepping 3 microcode 0x27, cmov, cx8, fxsr, mmx, sse, sse2, sse3, ssse3, sse4.1, sse4.2, popcnt, avx, avx2, aes, clmul, erms, lzcnt, ht, tsc, tscinvbit, bmi1, bmi2, fma

Memory: 4k page, system-wide physical 8131M (469M free)
TotalPageFile size 27322M (AvailPageFile size 98M)
current process WorkingSet (physical memory assigned to process): 9M, peak: 9M
current process commit charge ("private bytes"): 60M, peak: 188M

vm_info: OpenJDK 64-Bit Server VM (11.0.14.1+1) for windows-amd64 JRE (11.0.14.1+1), built on Feb  9 2022 01:48:27 by "" with unknown MS VC++:1916

END.
